#
# A fatal error has been detected by the Java Runtime Environment:
#
#  EXCEPTION_ACCESS_VIOLATION (0xc0000005) at pc=0x00007ffa827b26c4, pid=11340, tid=4292
#
# JRE version: Java(TM) SE Runtime Environment (24.0.1+9) (build 24.0.1+9-30)
# Java VM: Java HotSpot(TM) 64-Bit Server VM (24.0.1+9-30, mixed mode, emulated-client, sharing, tiered, compressed oops, compressed class ptrs, g1 gc, windows-amd64)
# Problematic frame:
# C  [libasyncProfiler.dll+0x926c4]
#
# No core dump will be written. Minidumps are not enabled by default on client versions of Windows
#
# JFR recording file will be written. Location: C:\Users\matij\OneDrive\Documents\programs\HomeCinema\WebSite\hs_err_pid11340.jfr
#
# If you would like to submit a bug report, please visit:
#   https://bugreport.java.com/bugreport/crash.jsp
# The crash happened outside the Java Virtual Machine in native code.
# See problematic frame for where to report the bug.
#

---------------  S U M M A R Y ------------

Command Line: -XX:TieredStopAtLevel=1 -Dspring.output.ansi.enabled=always -Dcom.sun.management.jmxremote -Dspring.jmx.enabled=true -Dspring.liveBeansView.mbeanDomain -Dspring.application.admin.enabled=true -Dmanagement.endpoints.jmx.exposure.include=* -javaagent:C:\Program Files\JetBrains\IntelliJ IDEA 2025.1\lib\idea_rt.jar=62356 -agentpath:C:\Users\matij\AppData\Local\Temp\idea_libasyncProfiler_dll_temp_folder\libasyncProfiler.dll=start,jfr,event=wall,interval=10ms,jfrsync=profile,cstack=no,file=C:\Users\matij\IdeaSnapshots\WebSiteApplication_2025_07_16_204315.jfr,dbghelppath=C:\Users\matij\AppData\Local\Temp\idea_dbghelp_dll_temp_folder\dbghelp.dll,log=C:\Users\matij\AppData\Local\Temp\WebSiteApplication_2025_07_16_204315.jfr.log.txt,logLevel=DEBUG -Dfile.encoding=UTF-8 -Dsun.stdout.encoding=UTF-8 -Dsun.stderr.encoding=UTF-8 oop.website.WebSiteApplication

Host: AMD Ryzen 5 4500U with Radeon Graphics         , 6 cores, 7G,  Windows 10 , 64 bit Build 19041 (10.0.19041.5915)
Time: Wed Jul 16 20:43:16 2025 Central Europe Daylight Time elapsed time: 1.006344 seconds (0d 0h 0m 1s)

---------------  T H R E A D  ---------------

Current thread (0x0000022834ae85c0):  JavaThread "main"             [_thread_in_native, id=4292, stack(0x000000eb90900000,0x000000eb90a00000) (1024K)]

Stack: [0x000000eb90900000,0x000000eb90a00000],  sp=0x000000eb909feab0,  free space=1018k
Native frames: (J=compiled Java code, j=interpreted, Vv=VM code, C=native code)
C  [libasyncProfiler.dll+0x926c4]  (no source info available)
C  [libasyncProfiler.dll+0x92b9b]  (no source info available)
C  [libasyncProfiler.dll+0x917f4]  (no source info available)
C  [libasyncProfiler.dll+0x9206a]  (no source info available)
C  [libasyncProfiler.dll+0x8cc21]  (no source info available)
C  [libasyncProfiler.dll+0x7e5e1]  (no source info available)
C  [libasyncProfiler.dll+0x7d2f8]  (no source info available)
C  [libasyncProfiler.dll+0x7d1e0]  (no source info available)
C  [libasyncProfiler.dll+0x832fc]  (no source info available)
V  [jvm.dll+0x5e38de]  (no source info available)
V  [jvm.dll+0x886056]  (no source info available)
V  [jvm.dll+0x495f3e]  (no source info available)
V  [jvm.dll+0x497d11]  (no source info available)
C  [jli.dll+0x52a1]  (no source info available)
C  [ucrtbase.dll+0x21bb2]  (no source info available)
C  [KERNEL32.DLL+0x17374]  (no source info available)
C  [ntdll.dll+0x4cc91]  (no source info available)


siginfo: EXCEPTION_ACCESS_VIOLATION (0xc0000005), reading address 0xffffffffffffffff


Registers:
RAX=0x0000000000000010, RBX=0x0000000000000000, RCX=0xffffffffffffffff, RDX=0x007ffa73c7301010
RSP=0x000000eb909feab0, RBP=0x00000228467f4750, RSI=0x000000eb909fec20, RDI=0x00000228467f4750
R8 =0x0000000000000042, R9 =0x0000000091501ed8, R10=0x00007ffa73ee9fb0, R11=0x0000000000000002
R12=0x000000eb909fec20, R13=0x0000022832cbb950, R14=0x0000022834ae8988, R15=0x0000022834ae8988
RIP=0x00007ffa827b26c4, EFLAGS=0x0000000000010202

XMM[0]=0x0000000000000000 0x0000000000000000
XMM[1]=0x0000000000000000 0x0000000000000000
XMM[2]=0x0000000000000000 0x0000000000000000
XMM[3]=0x0000000000000000 0x0000000000000000
XMM[4]=0x0000000000000000 0x0000000000000000
XMM[5]=0x0000000000000000 0x0000000000000000
XMM[6]=0x0000000000000000 0x0000000000000000
XMM[7]=0x0000000000000000 0x0000000000000000
XMM[8]=0x0000000000000000 0x0000000000000000
XMM[9]=0x0000000000000000 0x0000000000000000
XMM[10]=0x0000000000000000 0x0000000000000000
XMM[11]=0x0000000000000000 0x0000000000000000
XMM[12]=0x0000000000000000 0x0000000000000000
XMM[13]=0x0000000000000000 0x0000000000000000
XMM[14]=0x0000000000000000 0x0000000000000000
XMM[15]=0x0000000000000000 0x0000000000000000
  MXCSR=0x00001fa0


Register to memory mapping:

RAX=0x0000000000000010 is an unknown value
RBX=0x0 is null
RCX=0xffffffffffffffff is an unknown value
RDX=0x007ffa73c7301010 is an unknown value
RSP=0x000000eb909feab0 is pointing into the stack for thread: 0x0000022834ae85c0
RBP=0x00000228467f4750 points into unknown readable memory: 0x0000000091501ed8 | d8 1e 50 91 00 00 00 00
RSI=0x000000eb909fec20 is pointing into the stack for thread: 0x0000022834ae85c0
RDI=0x00000228467f4750 points into unknown readable memory: 0x0000000091501ed8 | d8 1e 50 91 00 00 00 00
R8 =0x0000000000000042 is an unknown value
R9 =0x0000000091501ed8 is an oop: java.lang.Thread 
{0x0000000091501ed8} - klass: 'java/lang/Thread' - flags: 

 - ---- fields (total size 14 words):
 - 'threadLocalRandomProbe' 'I' @12  0 (0x00000000)
 - private volatile 'eetop' 'J' @16  2371705800128 (0x0000022834ae85c0)
 - private final 'tid' 'J' @24  3 (0x0000000000000003)
 - 'threadLocalRandomSeed' 'J' @32  0 (0x0000000000000000)
 - injected 'jvmti_thread_state' 'J' @40  2371997804512 (0x00000228461627e0)
 - 'threadLocalRandomSecondarySeed' 'I' @48  0 (0x00000000)
 - injected 'jvmti_VTMS_transition_disable_count' 'I' @52  0 (0x00000000)
 - injected 'jfr_epoch' 'S' @56  0 (0x0000)
 - volatile 'interrupted' 'Z' @58  false (0x00)
 - injected 'jvmti_is_in_VTMS_transition' 'Z' @59  false (0x00)
 - private volatile 'name' 'Ljava/lang/String;' @60  "main"{0x0000000091501f48} (0x91501f48)
 - private volatile 'contextClassLoader' 'Ljava/lang/ClassLoader;' @64  a 'jdk/internal/loader/ClassLoaders$AppClassLoader'{0x0000000091538648} (0x91538648)
 - private final 'holder' 'Ljava/lang/Thread$FieldHolder;' @68  a 'java/lang/Thread$FieldHolder'{0x0000000091501f88} (0x91501f88)
 - 'threadLocals' 'Ljava/lang/ThreadLocal$ThreadLocalMap;' @72  a 'java/lang/ThreadLocal$ThreadLocalMap'{0x00000000913d65a0} (0x913d65a0)
 - 'inheritableThreadLocals' 'Ljava/lang/ThreadLocal$ThreadLocalMap;' @76  null (0x00000000)
 - private 'scopedValueBindings' 'Ljava/lang/Object;' @80  a 'java/lang/Class'{0x00000000ffe7c890} = 'java/lang/Thread' (0xffe7c890)
 - final 'interruptLock' 'Ljava/lang/Object;' @84  a 'java/lang/Object'{0x0000000091501f78} (0x91501f78)
 - private volatile 'parkBlocker' 'Ljava/lang/Object;' @88  null (0x00000000)
 - private 'nioBlocker' 'Lsun/nio/ch/Interruptible;' @92  null (0x00000000)
 - private 'cont' 'Ljdk/internal/vm/Continuation;' @96  null (0x00000000)
 - private volatile 'uncaughtExceptionHandler' 'Ljava/lang/Thread$UncaughtExceptionHandler;' @100  null (0x00000000)
 - private 'container' 'Ljdk/internal/vm/ThreadContainer;' @104  null (0x00000000)
 - private volatile 'headStackableScopes' 'Ljdk/internal/vm/StackableScope;' @108  null (0x00000000)
R10=0x00007ffa73ee9fb0 jvm.dll
R11=0x0000000000000002 is an unknown value
R12=0x000000eb909fec20 is pointing into the stack for thread: 0x0000022834ae85c0
R13=0x0000022832cbb950 points into unknown readable memory: 0x00007ffa73e5a510 | 10 a5 e5 73 fa 7f 00 00
R14=0x0000022834ae8988 points into unknown readable memory: 0x00007ffa73e517b0 | b0 17 e5 73 fa 7f 00 00
R15=0x0000022834ae8988 points into unknown readable memory: 0x00007ffa73e517b0 | b0 17 e5 73 fa 7f 00 00

Top of Stack: (sp=0x000000eb909feab0)
0x000000eb909feab0:   000000eb909fec20 00000228467f4750    .......PG.F(...
0x000000eb909feac0:   0000000000000000 000002283502eb00   ...........5(...
0x000000eb909fead0:   000000000000001d 00007ffa827b2b9b   .........+{.....
0x000000eb909feae0:   0000000000000000 0000022834ae8988   ...........4(...
0x000000eb909feaf0:   000000eb909fec01 0000000000000000   ................
0x000000eb909feb00:   000002288d4a6ae0 00007ffa827b17f4   .jJ.(.....{.....
0x000000eb909feb10:   0000000000000000 000000000000001d   ................
0x000000eb909feb20:   0000000000000000 000000000000001d   ................
0x000000eb909feb30:   0000000d00000000 000002288d545940   ........@YT.(...
0x000000eb909feb40:   000002288d4a6ae0 000002288d4a6b54   .jJ.(...TkJ.(...
0x000000eb909feb50:   000002288d4a6b88 000000eb00000c10   .kJ.(...........
0x000000eb909feb60:   0000000000000000 0000000000000000   ................
0x000000eb909feb70:   0000000000000000 00007ffa736b57d4   .........Wks....
0x000000eb909feb80:   00007ffa828f4ca0 0000000000002c4c   .L......L,......
0x000000eb909feb90:   00007ffa828f4ca0 00000000ffffffff   .L..............
0x000000eb909feba0:   0000000000000000 00007ffa827b206a   ........j {.....
0x000000eb909febb0:   0000022834ae8988 0000000000000000   ...4(...........
0x000000eb909febc0:   000000eb909fec29 0000022832cbb950   ).......P..2(...
0x000000eb909febd0:   000002288e2eb040 0000000000000000   @...(...........
0x000000eb909febe0:   0000022832d90000 00007ffa8289f108   ...2(...........
0x000000eb909febf0:   0000022834ae8988 00007ffa828f4ca0   ...4(....L......
0x000000eb909fec00:   0000000000100000 0000000000001000   ................
0x000000eb909fec10:   000000eb909fedb8 0000022834ae8988   ...........4(...
0x000000eb909fec20:   000002288d535ee0 000002288d536280   .^S.(....bS.(...
0x000000eb909fec30:   000002288d536280 00007ffa828f4ca0   .bS.(....L......
0x000000eb909fec40:   000000eb909fedb8 0000022832c80000   ...........2(...
0x000000eb909fec50:   000000eb909feef0 0000000000008840   ........@.......
0x000000eb909fec60:   00007ffa828e7080 00007ffa828f4cf0   .p.......L......
0x000000eb909fec70:   0000000000989680 0000000000989680   ................
0x000000eb909fec80:   000000eb909fed90 00007ffa827acc21   ........!.z.....
0x000000eb909fec90:   00007ffa828f4ca0 00007ffa828f4cf8   .L.......L......
0x000000eb909feca0:   00007ffa00000000 00007ffa00000001   ................

Instructions: (pc=0x00007ffa827b26c4)
  0x00007ffa827b25c4:   cc cc cc cc cc cc cc cc cc cc cc cc cc cc cc cc
  0x00007ffa827b25d4:   cc cc cc cc cc cc cc cc cc cc cc cc cc cc cc cc
  0x00007ffa827b25e4:   cc cc cc cc cc cc cc cc cc cc cc cc cc cc cc cc
  0x00007ffa827b25f4:   cc cc cc cc cc cc cc cc cc cc cc cc cc cc cc cc
  0x00007ffa827b2604:   cc cc cc cc cc cc cc cc cc cc cc cc cc cc cc cc
  0x00007ffa827b2614:   cc cc cc cc cc cc cc cc cc cc cc cc cc cc cc cc
  0x00007ffa827b2624:   cc cc cc cc cc cc cc cc cc cc cc cc cc cc cc cc
  0x00007ffa827b2634:   cc cc cc cc cc cc cc cc cc cc cc cc cc cc cc cc
  0x00007ffa827b2644:   cc cc cc cc cc cc cc cc cc cc cc cc 40 57 48 83
  0x00007ffa827b2654:   ec 20 48 8b f9 48 8b 0d 10 28 14 00 48 85 c9 74
  0x00007ffa827b2664:   20 48 8b 01 48 8d 54 24 38 41 b8 06 00 01 00 4c
  0x00007ffa827b2674:   8b 48 30 41 ff d1 85 c0 75 07 48 8b 4c 24 38 eb
  0x00007ffa827b2684:   02 33 c9 4c 8b 05 ea 28 14 00 48 89 5c 24 30 4d
  0x00007ffa827b2694:   85 c0 74 4a 48 8b 01 48 8b d7 4c 8b 88 28 03 00
  0x00007ffa827b26a4:   00 41 ff d1 48 85 c0 74 35 48 63 0d f8 e6 13 00
  0x00007ffa827b26b4:   48 8b 14 01 48 85 d2 74 15 48 63 05 fc e6 13 00
=>0x00007ffa827b26c4:   8b 04 10 48 8b 5c 24 30 48 83 c4 20 5f c3 b8 ff
  0x00007ffa827b26d4:   ff ff ff 48 8b 5c 24 30 48 83 c4 20 5f c3 80 3d
  0x00007ffa827b26e4:   9b 27 14 00 00 bb ff ff ff ff 74 20 4c 8b 0d 31
  0x00007ffa827b26f4:   24 14 00 4c 8d 44 24 38 48 8b 0d 15 24 14 00 48
  0x00007ffa827b2704:   8b d7 41 ff d1 85 c0 0f 44 5c 24 38 8b c3 48 8b
  0x00007ffa827b2714:   5c 24 30 48 83 c4 20 5f c3 cc cc cc cc cc cc cc
  0x00007ffa827b2724:   cc cc cc cc cc cc cc cc cc cc cc cc cc cc cc cc
  0x00007ffa827b2734:   cc cc cc cc cc cc cc cc cc cc cc cc cc cc cc cc
  0x00007ffa827b2744:   cc cc cc cc cc cc cc cc cc cc cc cc 48 89 54 24
  0x00007ffa827b2754:   10 53 55 56 57 41 56 41 57 48 83 ec 28 48 8b f2
  0x00007ffa827b2764:   4c 8b f1 48 89 4c 24 78 45 33 ff 44 89 7c 24 68
  0x00007ffa827b2774:   c7 44 24 60 01 00 00 00 48 8d 4c 24 68 e8 ed 42
  0x00007ffa827b2784:   f7 ff 8b d8 48 8d 4c 24 60 e8 e1 42 f7 ff 8b e8
  0x00007ffa827b2794:   49 8b ce e8 00 fc f6 ff 48 8b f8 90 8b c3 f0 0f
  0x00007ffa827b27a4:   b1 2f 74 04 f3 90 eb f4 4c 89 3e 4c 89 7e 08 4c
  0x00007ffa827b27b4:   89 7e 10 49 8b 6e 08 4d 8b 76 10 49 3b ee 0f 84


Stack slot to memory mapping:

stack at sp + 0 slots: 0x000000eb909fec20 is pointing into the stack for thread: 0x0000022834ae85c0
stack at sp + 1 slots: 0x00000228467f4750 points into unknown readable memory: 0x0000000091501ed8 | d8 1e 50 91 00 00 00 00
stack at sp + 2 slots: 0x0 is null
stack at sp + 3 slots: 0x000002283502eb00 points into unknown readable memory: 0x6e616c2e6176616a | 6a 61 76 61 2e 6c 61 6e
stack at sp + 4 slots: 0x000000000000001d is an unknown value
stack at sp + 5 slots: 0x00007ffa827b2b9b libasyncProfiler.dll
stack at sp + 6 slots: 0x0 is null
stack at sp + 7 slots: 0x0000022834ae8988 points into unknown readable memory: 0x00007ffa73e517b0 | b0 17 e5 73 fa 7f 00 00

Lock stack of current Java thread (top to bottom):


---------------  P R O C E S S  ---------------

Threads class SMR info:
_java_thread_list=0x000002288c536930, length=18, elements={
0x0000022834ae85c0, 0x0000022834c759b0, 0x0000022834c764e0, 0x0000022834c801f0,
0x0000022834c80d20, 0x0000022834c81850, 0x0000022834c82b20, 0x0000022834c85660,
0x00000228461e7d20, 0x00000228461e8ab0, 0x000002284624bf50, 0x00000228467afce0,
0x000002288d30da10, 0x000002288d402750, 0x000002288d43fb30, 0x000002288d47a470,
0x000002288d48c5b0, 0x000002288d4a3450
}

Java Threads: ( => current thread )
=>0x0000022834ae85c0 JavaThread "main"                              [_thread_in_native, id=4292, stack(0x000000eb90900000,0x000000eb90a00000) (1024K)]
  0x0000022834c759b0 JavaThread "Reference Handler"          daemon [_thread_blocked, id=20992, stack(0x000000eb91100000,0x000000eb91200000) (1024K)]
  0x0000022834c764e0 JavaThread "Finalizer"                  daemon [_thread_blocked, id=10268, stack(0x000000eb91200000,0x000000eb91300000) (1024K)]
  0x0000022834c801f0 JavaThread "Signal Dispatcher"          daemon [_thread_blocked, id=3168, stack(0x000000eb91300000,0x000000eb91400000) (1024K)]
  0x0000022834c80d20 JavaThread "Attach Listener"            daemon [_thread_blocked, id=21144, stack(0x000000eb91400000,0x000000eb91500000) (1024K)]
  0x0000022834c81850 JavaThread "Service Thread"             daemon [_thread_blocked, id=25224, stack(0x000000eb91500000,0x000000eb91600000) (1024K)]
  0x0000022834c82b20 JavaThread "Monitor Deflation Thread"   daemon [_thread_blocked, id=10644, stack(0x000000eb91600000,0x000000eb91700000) (1024K)]
  0x0000022834c85660 JavaThread "C1 CompilerThread0"         daemon [_thread_blocked, id=2284, stack(0x000000eb91700000,0x000000eb91800000) (1024K)]
  0x00000228461e7d20 JavaThread "C1 CompilerThread1"         daemon [_thread_blocked, id=24632, stack(0x000000eb91800000,0x000000eb91900000) (1024K)]
  0x00000228461e8ab0 JavaThread "C1 CompilerThread2"         daemon [_thread_blocked, id=25244, stack(0x000000eb91900000,0x000000eb91a00000) (1024K)]
  0x000002284624bf50 JavaThread "Common-Cleaner"             daemon [_thread_blocked, id=1544, stack(0x000000eb91a00000,0x000000eb91b00000) (1024K)]
  0x00000228467afce0 JavaThread "Monitor Ctrl-Break"         daemon [_thread_in_native, id=24712, stack(0x000000eb91b00000,0x000000eb91c00000) (1024K)]
  0x000002288d30da10 JavaThread "JFR Recorder Thread"        daemon [_thread_in_native, id=15168, stack(0x000000eb91c00000,0x000000eb91d00000) (1024K)]
  0x000002288d402750 JavaThread "RMI TCP Accept-0"           daemon [_thread_in_native, id=21584, stack(0x000000eb91d00000,0x000000eb91e00000) (1024K)]
  0x000002288d43fb30 JavaThread "RMI TCP Connection(1)-172.27.80.1" daemon [_thread_in_native, id=1400, stack(0x000000eb91e00000,0x000000eb91f00000) (1024K)]
  0x000002288d47a470 JavaThread "RMI Scheduler(0)"           daemon [_thread_blocked, id=14256, stack(0x000000eb91f00000,0x000000eb92000000) (1024K)]
  0x000002288d48c5b0 JavaThread "JMX server connection timeout 29" daemon [_thread_blocked, id=23940, stack(0x000000eb92000000,0x000000eb92100000) (1024K)]
  0x000002288d4a3450 JavaThread "JFR Periodic Tasks"         daemon [_thread_blocked, id=3088, stack(0x000000eb92100000,0x000000eb92200000) (1024K)]
Total: 18

Other Threads:
  0x0000022834c637c0 VMThread "VM Thread"                           [id=10884, stack(0x000000eb91000000,0x000000eb91100000) (1024K)]
  0x0000022834c55800 WatcherThread "VM Periodic Task Thread"        [id=22148, stack(0x000000eb90f00000,0x000000eb91000000) (1024K)]
  0x0000022834b3c020 WorkerThread "GC Thread#0"                     [id=24696, stack(0x000000eb90a00000,0x000000eb90b00000) (1024K)]
  0x0000022834b6cf30 ConcurrentGCThread "G1 Main Marker"            [id=16064, stack(0x000000eb90b00000,0x000000eb90c00000) (1024K)]
  0x0000022834b6d950 WorkerThread "G1 Conc#0"                       [id=22568, stack(0x000000eb90c00000,0x000000eb90d00000) (1024K)]
  0x0000022834bfea10 ConcurrentGCThread "G1 Refine#0"               [id=24424, stack(0x000000eb90d00000,0x000000eb90e00000) (1024K)]
  0x0000022834bff4a0 ConcurrentGCThread "G1 Service"                [id=18696, stack(0x000000eb90e00000,0x000000eb90f00000) (1024K)]
Total: 7

Threads with active compile tasks:
Total: 0

VM state: not at safepoint (normal execution)

VM Mutex/Monitor currently owned by a thread: None

Heap address: 0x000000008a000000, size: 1888 MB, Compressed Oops mode: 32-bit

CDS archive(s) mapped at: [0x0000022847000000-0x0000022847d40000-0x0000022847d40000), size 13893632, SharedBaseAddress: 0x0000022847000000, ArchiveRelocationMode: 1.
Compressed class space mapped at: 0x0000022848000000-0x0000022888000000, reserved size: 1073741824
UseCompressedClassPointers 1, UseCompactObjectHeaders 0
Narrow klass pointer bits 32, Max shift 3
Narrow klass base: 0x0000022847000000, Narrow klass shift: 0
Encoding Range: [0x0000022847000000 - 0x0000022947000000), (4294967296 bytes)
Klass Range:    [0x0000022847000000 - 0x0000022888000000), (1090519040 bytes)
Klass ID Range:  [8 - 1090519033) (1090519025)

GC Precious Log:
 CardTable entry size: 512
 Card Set container configuration: InlinePtr #cards 5 size 8 Array Of Cards #cards 10 size 36 Howl #buckets 4 coarsen threshold 1843 Howl Bitmap #cards 512 size 80 coarsen threshold 460 Card regions per heap region 1 cards per card region 2048
 CPUs: 6 total, 6 available
 Memory: 7549M
 Large Page Support: Disabled
 NUMA Support: Disabled
 Compressed Oops: Enabled (32-bit)
 Heap Region Size: 1M
 Heap Min Capacity: 8M
 Heap Initial Capacity: 118M
 Heap Max Capacity: 1888M
 Pre-touch: Disabled
 Parallel Workers: 6
 Concurrent Workers: 2
 Concurrent Refinement Workers: 6
 Periodic GC: Disabled

Heap:
 garbage-first heap   total reserved 1933312K, committed 122880K, used 34932K [0x000000008a000000, 0x0000000100000000)
  region size 1024K, 33 young (33792K), 0 survivors (0K)
 Metaspace       used 6539K, committed 6784K, reserved 1114112K
  class space    used 712K, committed 768K, reserved 1048576K

Heap Regions: E=young(eden), S=young(survivor), O=old, HS=humongous(starts), HC=humongous(continues), CS=collection set, F=free, TAMS=top-at-mark-start, PB=parsable bottom
|   0|0x000000008a000000, 0x000000008a100000, 0x000000008a100000|100%|HS|  |TAMS 0x000000008a000000| PB 0x000000008a000000| Complete |  0
|   1|0x000000008a100000, 0x000000008a100000, 0x000000008a200000|  0%| F|  |TAMS 0x000000008a100000| PB 0x000000008a100000| Untracked |  0
|   2|0x000000008a200000, 0x000000008a200000, 0x000000008a300000|  0%| F|  |TAMS 0x000000008a200000| PB 0x000000008a200000| Untracked |  0
|   3|0x000000008a300000, 0x000000008a300000, 0x000000008a400000|  0%| F|  |TAMS 0x000000008a300000| PB 0x000000008a300000| Untracked |  0
|   4|0x000000008a400000, 0x000000008a400000, 0x000000008a500000|  0%| F|  |TAMS 0x000000008a400000| PB 0x000000008a400000| Untracked |  0
|   5|0x000000008a500000, 0x000000008a500000, 0x000000008a600000|  0%| F|  |TAMS 0x000000008a500000| PB 0x000000008a500000| Untracked |  0
|   6|0x000000008a600000, 0x000000008a600000, 0x000000008a700000|  0%| F|  |TAMS 0x000000008a600000| PB 0x000000008a600000| Untracked |  0
|   7|0x000000008a700000, 0x000000008a700000, 0x000000008a800000|  0%| F|  |TAMS 0x000000008a700000| PB 0x000000008a700000| Untracked |  0
|   8|0x000000008a800000, 0x000000008a800000, 0x000000008a900000|  0%| F|  |TAMS 0x000000008a800000| PB 0x000000008a800000| Untracked |  0
|   9|0x000000008a900000, 0x000000008a900000, 0x000000008aa00000|  0%| F|  |TAMS 0x000000008a900000| PB 0x000000008a900000| Untracked |  0
|  10|0x000000008aa00000, 0x000000008aa00000, 0x000000008ab00000|  0%| F|  |TAMS 0x000000008aa00000| PB 0x000000008aa00000| Untracked |  0
|  11|0x000000008ab00000, 0x000000008ab00000, 0x000000008ac00000|  0%| F|  |TAMS 0x000000008ab00000| PB 0x000000008ab00000| Untracked |  0
|  12|0x000000008ac00000, 0x000000008ac00000, 0x000000008ad00000|  0%| F|  |TAMS 0x000000008ac00000| PB 0x000000008ac00000| Untracked |  0
|  13|0x000000008ad00000, 0x000000008ad00000, 0x000000008ae00000|  0%| F|  |TAMS 0x000000008ad00000| PB 0x000000008ad00000| Untracked |  0
|  14|0x000000008ae00000, 0x000000008ae00000, 0x000000008af00000|  0%| F|  |TAMS 0x000000008ae00000| PB 0x000000008ae00000| Untracked |  0
|  15|0x000000008af00000, 0x000000008af00000, 0x000000008b000000|  0%| F|  |TAMS 0x000000008af00000| PB 0x000000008af00000| Untracked |  0
|  16|0x000000008b000000, 0x000000008b000000, 0x000000008b100000|  0%| F|  |TAMS 0x000000008b000000| PB 0x000000008b000000| Untracked |  0
|  17|0x000000008b100000, 0x000000008b100000, 0x000000008b200000|  0%| F|  |TAMS 0x000000008b100000| PB 0x000000008b100000| Untracked |  0
|  18|0x000000008b200000, 0x000000008b200000, 0x000000008b300000|  0%| F|  |TAMS 0x000000008b200000| PB 0x000000008b200000| Untracked |  0
|  19|0x000000008b300000, 0x000000008b300000, 0x000000008b400000|  0%| F|  |TAMS 0x000000008b300000| PB 0x000000008b300000| Untracked |  0
|  20|0x000000008b400000, 0x000000008b400000, 0x000000008b500000|  0%| F|  |TAMS 0x000000008b400000| PB 0x000000008b400000| Untracked |  0
|  21|0x000000008b500000, 0x000000008b500000, 0x000000008b600000|  0%| F|  |TAMS 0x000000008b500000| PB 0x000000008b500000| Untracked |  0
|  22|0x000000008b600000, 0x000000008b600000, 0x000000008b700000|  0%| F|  |TAMS 0x000000008b600000| PB 0x000000008b600000| Untracked |  0
|  23|0x000000008b700000, 0x000000008b700000, 0x000000008b800000|  0%| F|  |TAMS 0x000000008b700000| PB 0x000000008b700000| Untracked |  0
|  24|0x000000008b800000, 0x000000008b800000, 0x000000008b900000|  0%| F|  |TAMS 0x000000008b800000| PB 0x000000008b800000| Untracked |  0
|  25|0x000000008b900000, 0x000000008b900000, 0x000000008ba00000|  0%| F|  |TAMS 0x000000008b900000| PB 0x000000008b900000| Untracked |  0
|  26|0x000000008ba00000, 0x000000008ba00000, 0x000000008bb00000|  0%| F|  |TAMS 0x000000008ba00000| PB 0x000000008ba00000| Untracked |  0
|  27|0x000000008bb00000, 0x000000008bb00000, 0x000000008bc00000|  0%| F|  |TAMS 0x000000008bb00000| PB 0x000000008bb00000| Untracked |  0
|  28|0x000000008bc00000, 0x000000008bc00000, 0x000000008bd00000|  0%| F|  |TAMS 0x000000008bc00000| PB 0x000000008bc00000| Untracked |  0
|  29|0x000000008bd00000, 0x000000008bd00000, 0x000000008be00000|  0%| F|  |TAMS 0x000000008bd00000| PB 0x000000008bd00000| Untracked |  0
|  30|0x000000008be00000, 0x000000008be00000, 0x000000008bf00000|  0%| F|  |TAMS 0x000000008be00000| PB 0x000000008be00000| Untracked |  0
|  31|0x000000008bf00000, 0x000000008bf00000, 0x000000008c000000|  0%| F|  |TAMS 0x000000008bf00000| PB 0x000000008bf00000| Untracked |  0
|  32|0x000000008c000000, 0x000000008c000000, 0x000000008c100000|  0%| F|  |TAMS 0x000000008c000000| PB 0x000000008c000000| Untracked |  0
|  33|0x000000008c100000, 0x000000008c100000, 0x000000008c200000|  0%| F|  |TAMS 0x000000008c100000| PB 0x000000008c100000| Untracked |  0
|  34|0x000000008c200000, 0x000000008c200000, 0x000000008c300000|  0%| F|  |TAMS 0x000000008c200000| PB 0x000000008c200000| Untracked |  0
|  35|0x000000008c300000, 0x000000008c300000, 0x000000008c400000|  0%| F|  |TAMS 0x000000008c300000| PB 0x000000008c300000| Untracked |  0
|  36|0x000000008c400000, 0x000000008c400000, 0x000000008c500000|  0%| F|  |TAMS 0x000000008c400000| PB 0x000000008c400000| Untracked |  0
|  37|0x000000008c500000, 0x000000008c500000, 0x000000008c600000|  0%| F|  |TAMS 0x000000008c500000| PB 0x000000008c500000| Untracked |  0
|  38|0x000000008c600000, 0x000000008c600000, 0x000000008c700000|  0%| F|  |TAMS 0x000000008c600000| PB 0x000000008c600000| Untracked |  0
|  39|0x000000008c700000, 0x000000008c700000, 0x000000008c800000|  0%| F|  |TAMS 0x000000008c700000| PB 0x000000008c700000| Untracked |  0
|  40|0x000000008c800000, 0x000000008c800000, 0x000000008c900000|  0%| F|  |TAMS 0x000000008c800000| PB 0x000000008c800000| Untracked |  0
|  41|0x000000008c900000, 0x000000008c900000, 0x000000008ca00000|  0%| F|  |TAMS 0x000000008c900000| PB 0x000000008c900000| Untracked |  0
|  42|0x000000008ca00000, 0x000000008ca00000, 0x000000008cb00000|  0%| F|  |TAMS 0x000000008ca00000| PB 0x000000008ca00000| Untracked |  0
|  43|0x000000008cb00000, 0x000000008cb00000, 0x000000008cc00000|  0%| F|  |TAMS 0x000000008cb00000| PB 0x000000008cb00000| Untracked |  0
|  44|0x000000008cc00000, 0x000000008cc00000, 0x000000008cd00000|  0%| F|  |TAMS 0x000000008cc00000| PB 0x000000008cc00000| Untracked |  0
|  45|0x000000008cd00000, 0x000000008cd00000, 0x000000008ce00000|  0%| F|  |TAMS 0x000000008cd00000| PB 0x000000008cd00000| Untracked |  0
|  46|0x000000008ce00000, 0x000000008ce00000, 0x000000008cf00000|  0%| F|  |TAMS 0x000000008ce00000| PB 0x000000008ce00000| Untracked |  0
|  47|0x000000008cf00000, 0x000000008cf00000, 0x000000008d000000|  0%| F|  |TAMS 0x000000008cf00000| PB 0x000000008cf00000| Untracked |  0
|  48|0x000000008d000000, 0x000000008d000000, 0x000000008d100000|  0%| F|  |TAMS 0x000000008d000000| PB 0x000000008d000000| Untracked |  0
|  49|0x000000008d100000, 0x000000008d100000, 0x000000008d200000|  0%| F|  |TAMS 0x000000008d100000| PB 0x000000008d100000| Untracked |  0
|  50|0x000000008d200000, 0x000000008d200000, 0x000000008d300000|  0%| F|  |TAMS 0x000000008d200000| PB 0x000000008d200000| Untracked |  0
|  51|0x000000008d300000, 0x000000008d300000, 0x000000008d400000|  0%| F|  |TAMS 0x000000008d300000| PB 0x000000008d300000| Untracked |  0
|  52|0x000000008d400000, 0x000000008d400000, 0x000000008d500000|  0%| F|  |TAMS 0x000000008d400000| PB 0x000000008d400000| Untracked |  0
|  53|0x000000008d500000, 0x000000008d500000, 0x000000008d600000|  0%| F|  |TAMS 0x000000008d500000| PB 0x000000008d500000| Untracked |  0
|  54|0x000000008d600000, 0x000000008d600000, 0x000000008d700000|  0%| F|  |TAMS 0x000000008d600000| PB 0x000000008d600000| Untracked |  0
|  55|0x000000008d700000, 0x000000008d700000, 0x000000008d800000|  0%| F|  |TAMS 0x000000008d700000| PB 0x000000008d700000| Untracked |  0
|  56|0x000000008d800000, 0x000000008d800000, 0x000000008d900000|  0%| F|  |TAMS 0x000000008d800000| PB 0x000000008d800000| Untracked |  0
|  57|0x000000008d900000, 0x000000008d900000, 0x000000008da00000|  0%| F|  |TAMS 0x000000008d900000| PB 0x000000008d900000| Untracked |  0
|  58|0x000000008da00000, 0x000000008da00000, 0x000000008db00000|  0%| F|  |TAMS 0x000000008da00000| PB 0x000000008da00000| Untracked |  0
|  59|0x000000008db00000, 0x000000008db00000, 0x000000008dc00000|  0%| F|  |TAMS 0x000000008db00000| PB 0x000000008db00000| Untracked |  0
|  60|0x000000008dc00000, 0x000000008dc00000, 0x000000008dd00000|  0%| F|  |TAMS 0x000000008dc00000| PB 0x000000008dc00000| Untracked |  0
|  61|0x000000008dd00000, 0x000000008dd00000, 0x000000008de00000|  0%| F|  |TAMS 0x000000008dd00000| PB 0x000000008dd00000| Untracked |  0
|  62|0x000000008de00000, 0x000000008de00000, 0x000000008df00000|  0%| F|  |TAMS 0x000000008de00000| PB 0x000000008de00000| Untracked |  0
|  63|0x000000008df00000, 0x000000008df00000, 0x000000008e000000|  0%| F|  |TAMS 0x000000008df00000| PB 0x000000008df00000| Untracked |  0
|  64|0x000000008e000000, 0x000000008e000000, 0x000000008e100000|  0%| F|  |TAMS 0x000000008e000000| PB 0x000000008e000000| Untracked |  0
|  65|0x000000008e100000, 0x000000008e100000, 0x000000008e200000|  0%| F|  |TAMS 0x000000008e100000| PB 0x000000008e100000| Untracked |  0
|  66|0x000000008e200000, 0x000000008e200000, 0x000000008e300000|  0%| F|  |TAMS 0x000000008e200000| PB 0x000000008e200000| Untracked |  0
|  67|0x000000008e300000, 0x000000008e300000, 0x000000008e400000|  0%| F|  |TAMS 0x000000008e300000| PB 0x000000008e300000| Untracked |  0
|  68|0x000000008e400000, 0x000000008e400000, 0x000000008e500000|  0%| F|  |TAMS 0x000000008e400000| PB 0x000000008e400000| Untracked |  0
|  69|0x000000008e500000, 0x000000008e500000, 0x000000008e600000|  0%| F|  |TAMS 0x000000008e500000| PB 0x000000008e500000| Untracked |  0
|  70|0x000000008e600000, 0x000000008e600000, 0x000000008e700000|  0%| F|  |TAMS 0x000000008e600000| PB 0x000000008e600000| Untracked |  0
|  71|0x000000008e700000, 0x000000008e700000, 0x000000008e800000|  0%| F|  |TAMS 0x000000008e700000| PB 0x000000008e700000| Untracked |  0
|  72|0x000000008e800000, 0x000000008e800000, 0x000000008e900000|  0%| F|  |TAMS 0x000000008e800000| PB 0x000000008e800000| Untracked |  0
|  73|0x000000008e900000, 0x000000008e900000, 0x000000008ea00000|  0%| F|  |TAMS 0x000000008e900000| PB 0x000000008e900000| Untracked |  0
|  74|0x000000008ea00000, 0x000000008ea00000, 0x000000008eb00000|  0%| F|  |TAMS 0x000000008ea00000| PB 0x000000008ea00000| Untracked |  0
|  75|0x000000008eb00000, 0x000000008eb00000, 0x000000008ec00000|  0%| F|  |TAMS 0x000000008eb00000| PB 0x000000008eb00000| Untracked |  0
|  76|0x000000008ec00000, 0x000000008ec00000, 0x000000008ed00000|  0%| F|  |TAMS 0x000000008ec00000| PB 0x000000008ec00000| Untracked |  0
|  77|0x000000008ed00000, 0x000000008ed00000, 0x000000008ee00000|  0%| F|  |TAMS 0x000000008ed00000| PB 0x000000008ed00000| Untracked |  0
|  78|0x000000008ee00000, 0x000000008ee00000, 0x000000008ef00000|  0%| F|  |TAMS 0x000000008ee00000| PB 0x000000008ee00000| Untracked |  0
|  79|0x000000008ef00000, 0x000000008ef00000, 0x000000008f000000|  0%| F|  |TAMS 0x000000008ef00000| PB 0x000000008ef00000| Untracked |  0
|  80|0x000000008f000000, 0x000000008f000000, 0x000000008f100000|  0%| F|  |TAMS 0x000000008f000000| PB 0x000000008f000000| Untracked |  0
|  81|0x000000008f100000, 0x000000008f100000, 0x000000008f200000|  0%| F|  |TAMS 0x000000008f100000| PB 0x000000008f100000| Untracked |  0
|  82|0x000000008f200000, 0x000000008f200000, 0x000000008f300000|  0%| F|  |TAMS 0x000000008f200000| PB 0x000000008f200000| Untracked |  0
|  83|0x000000008f300000, 0x000000008f300000, 0x000000008f400000|  0%| F|  |TAMS 0x000000008f300000| PB 0x000000008f300000| Untracked |  0
|  84|0x000000008f400000, 0x000000008f400000, 0x000000008f500000|  0%| F|  |TAMS 0x000000008f400000| PB 0x000000008f400000| Untracked |  0
|  85|0x000000008f500000, 0x000000008f580000, 0x000000008f600000| 50%| E|  |TAMS 0x000000008f500000| PB 0x000000008f500000| Complete |  0
|  86|0x000000008f600000, 0x000000008f700000, 0x000000008f700000|100%| E|CS|TAMS 0x000000008f600000| PB 0x000000008f600000| Complete |  0
|  87|0x000000008f700000, 0x000000008f800000, 0x000000008f800000|100%| E|CS|TAMS 0x000000008f700000| PB 0x000000008f700000| Complete |  0
|  88|0x000000008f800000, 0x000000008f900000, 0x000000008f900000|100%| E|CS|TAMS 0x000000008f800000| PB 0x000000008f800000| Complete |  0
|  89|0x000000008f900000, 0x000000008fa00000, 0x000000008fa00000|100%| E|CS|TAMS 0x000000008f900000| PB 0x000000008f900000| Complete |  0
|  90|0x000000008fa00000, 0x000000008fb00000, 0x000000008fb00000|100%| E|CS|TAMS 0x000000008fa00000| PB 0x000000008fa00000| Complete |  0
|  91|0x000000008fb00000, 0x000000008fc00000, 0x000000008fc00000|100%| E|CS|TAMS 0x000000008fb00000| PB 0x000000008fb00000| Complete |  0
|  92|0x000000008fc00000, 0x000000008fd00000, 0x000000008fd00000|100%| E|CS|TAMS 0x000000008fc00000| PB 0x000000008fc00000| Complete |  0
|  93|0x000000008fd00000, 0x000000008fe00000, 0x000000008fe00000|100%| E|CS|TAMS 0x000000008fd00000| PB 0x000000008fd00000| Complete |  0
|  94|0x000000008fe00000, 0x000000008ff00000, 0x000000008ff00000|100%| E|CS|TAMS 0x000000008fe00000| PB 0x000000008fe00000| Complete |  0
|  95|0x000000008ff00000, 0x0000000090000000, 0x0000000090000000|100%| E|CS|TAMS 0x000000008ff00000| PB 0x000000008ff00000| Complete |  0
|  96|0x0000000090000000, 0x0000000090100000, 0x0000000090100000|100%| E|CS|TAMS 0x0000000090000000| PB 0x0000000090000000| Complete |  0
|  97|0x0000000090100000, 0x0000000090200000, 0x0000000090200000|100%| E|CS|TAMS 0x0000000090100000| PB 0x0000000090100000| Complete |  0
|  98|0x0000000090200000, 0x0000000090300000, 0x0000000090300000|100%| E|CS|TAMS 0x0000000090200000| PB 0x0000000090200000| Complete |  0
|  99|0x0000000090300000, 0x0000000090400000, 0x0000000090400000|100%| E|CS|TAMS 0x0000000090300000| PB 0x0000000090300000| Complete |  0
| 100|0x0000000090400000, 0x0000000090500000, 0x0000000090500000|100%| E|CS|TAMS 0x0000000090400000| PB 0x0000000090400000| Complete |  0
| 101|0x0000000090500000, 0x0000000090600000, 0x0000000090600000|100%| E|CS|TAMS 0x0000000090500000| PB 0x0000000090500000| Complete |  0
| 102|0x0000000090600000, 0x0000000090700000, 0x0000000090700000|100%| E|CS|TAMS 0x0000000090600000| PB 0x0000000090600000| Complete |  0
| 103|0x0000000090700000, 0x0000000090800000, 0x0000000090800000|100%| E|CS|TAMS 0x0000000090700000| PB 0x0000000090700000| Complete |  0
| 104|0x0000000090800000, 0x0000000090900000, 0x0000000090900000|100%| E|CS|TAMS 0x0000000090800000| PB 0x0000000090800000| Complete |  0
| 105|0x0000000090900000, 0x0000000090a00000, 0x0000000090a00000|100%| E|CS|TAMS 0x0000000090900000| PB 0x0000000090900000| Complete |  0
| 106|0x0000000090a00000, 0x0000000090b00000, 0x0000000090b00000|100%| E|CS|TAMS 0x0000000090a00000| PB 0x0000000090a00000| Complete |  0
| 107|0x0000000090b00000, 0x0000000090c00000, 0x0000000090c00000|100%| E|CS|TAMS 0x0000000090b00000| PB 0x0000000090b00000| Complete |  0
| 108|0x0000000090c00000, 0x0000000090d00000, 0x0000000090d00000|100%| E|CS|TAMS 0x0000000090c00000| PB 0x0000000090c00000| Complete |  0
| 109|0x0000000090d00000, 0x0000000090e00000, 0x0000000090e00000|100%| E|CS|TAMS 0x0000000090d00000| PB 0x0000000090d00000| Complete |  0
| 110|0x0000000090e00000, 0x0000000090f00000, 0x0000000090f00000|100%| E|CS|TAMS 0x0000000090e00000| PB 0x0000000090e00000| Complete |  0
| 111|0x0000000090f00000, 0x0000000091000000, 0x0000000091000000|100%| E|CS|TAMS 0x0000000090f00000| PB 0x0000000090f00000| Complete |  0
| 112|0x0000000091000000, 0x0000000091100000, 0x0000000091100000|100%| E|CS|TAMS 0x0000000091000000| PB 0x0000000091000000| Complete |  0
| 113|0x0000000091100000, 0x0000000091200000, 0x0000000091200000|100%| E|CS|TAMS 0x0000000091100000| PB 0x0000000091100000| Complete |  0
| 114|0x0000000091200000, 0x0000000091300000, 0x0000000091300000|100%| E|CS|TAMS 0x0000000091200000| PB 0x0000000091200000| Complete |  0
| 115|0x0000000091300000, 0x0000000091400000, 0x0000000091400000|100%| E|CS|TAMS 0x0000000091300000| PB 0x0000000091300000| Complete |  0
| 116|0x0000000091400000, 0x0000000091500000, 0x0000000091500000|100%| E|CS|TAMS 0x0000000091400000| PB 0x0000000091400000| Complete |  0
| 117|0x0000000091500000, 0x0000000091600000, 0x0000000091600000|100%| E|CS|TAMS 0x0000000091500000| PB 0x0000000091500000| Complete |  0
|1886|0x00000000ffe00000, 0x00000000fff00000, 0x00000000fff00000|100%| O|  |TAMS 0x00000000ffe00000| PB 0x00000000ffe00000| Untracked |  0
|1887|0x00000000fff00000, 0x00000000fff1d1c0, 0x0000000100000000| 11%| O|  |TAMS 0x00000000fff00000| PB 0x00000000fff00000| Untracked |  0

Card table byte_map: [0x0000022841800000,0x0000022841bb0000] _byte_map_base: 0x00000228413b0000

Marking Bits: (CMBitMap*) 0x0000022834b3d650
 Bits: [0x0000022841bb0000, 0x0000022843930000)

Polling page: 0x0000022832f50000

Metaspace:

Usage:
  Non-class:      5.69 MB used.
      Class:    712.71 KB used.
       Both:      6.39 MB used.

Virtual space:
  Non-class space:       64.00 MB reserved,       5.88 MB (  9%) committed,  1 nodes.
      Class space:        1.00 GB reserved,     768.00 KB ( <1%) committed,  1 nodes.
             Both:        1.06 GB reserved,       6.62 MB ( <1%) committed. 

Chunk freelists:
   Non-Class:  10.06 MB
       Class:  15.19 MB
        Both:  25.25 MB

MaxMetaspaceSize: unlimited
CompressedClassSpaceSize: 1.00 GB
Initial GC threshold: 21.00 MB
Current GC threshold: 21.00 MB
CDS: on
 - commit_granule_bytes: 65536.
 - commit_granule_words: 8192.
 - virtual_space_node_default_size: 8388608.
 - enlarge_chunks_in_place: 1.
UseCompressedClassPointers 1, UseCompactObjectHeaders 0
Narrow klass pointer bits 32, Max shift 3
Narrow klass base: 0x0000022847000000, Narrow klass shift: 0
Encoding Range: [0x0000022847000000 - 0x0000022947000000), (4294967296 bytes)
Klass Range:    [0x0000022847000000 - 0x0000022888000000), (1090519040 bytes)
Klass ID Range:  [8 - 1090519033) (1090519025)


Internal statistics:

num_allocs_failed_limit: 0.
num_arena_births: 182.
num_arena_deaths: 0.
num_vsnodes_births: 2.
num_vsnodes_deaths: 0.
num_space_committed: 106.
num_space_uncommitted: 0.
num_chunks_returned_to_freelist: 0.
num_chunks_taken_from_freelist: 250.
num_chunk_merges: 0.
num_chunk_splits: 138.
num_chunks_enlarged: 33.
num_inconsistent_stats: 0.

CodeCache: size=49152Kb used=4452Kb max_used=4452Kb free=44699Kb
 bounds [0x000002283e010000, 0x000002283e470000, 0x0000022841010000]
 total_blobs=2390, nmethods=1910, adapters=404, full_count=0
Compilation: enabled, stopped_count=0, restarted_count=0

Compilation events (20 events):
Event: 0.964 Thread 0x00000228461e7d20 1897       1       sun.invoke.util.Wrapper::isDoubleWord (15 bytes)
Event: 0.964 Thread 0x00000228461e7d20 nmethod 1897 0x000002283e465008 code [0x000002283e465100, 0x000002283e4651d8]
Event: 0.964 Thread 0x00000228461e8ab0 1900       1       jdk.internal.classfile.impl.AnnotationReader::writeAnnotation (80 bytes)
Event: 0.964 Thread 0x00000228461e7d20 1901       1       jdk.internal.classfile.impl.DirectClassBuilder::setInterfaces (6 bytes)
Event: 0.964 Thread 0x00000228461e7d20 nmethod 1901 0x000002283e465308 code [0x000002283e465420, 0x000002283e465530]
Event: 0.964 Thread 0x0000022834c85660 1902       1       java.lang.invoke.InvokerBytecodeGenerator::emitReferenceCast (169 bytes)
Event: 0.964 Thread 0x00000228461e7d20 1903       1       jdk.internal.classfile.impl.DirectCodeBuilder::return_ (12 bytes)
Event: 0.965 Thread 0x00000228461e7d20 nmethod 1903 0x000002283e465608 code [0x000002283e465720, 0x000002283e465880]
Event: 0.965 Thread 0x00000228461e8ab0 nmethod 1900 0x000002283e465908 code [0x000002283e465b80, 0x000002283e466438]
Event: 0.965 Thread 0x00000228461e8ab0 1906       1       jdk.internal.classfile.impl.DirectCodeBuilder::storeLocal (126 bytes)
Event: 0.965 Thread 0x00000228461e7d20 1907       1       java.lang.invoke.LambdaForm::returnType (26 bytes)
Event: 0.965 Thread 0x00000228461e7d20 nmethod 1907 0x000002283e466b08 code [0x000002283e466c20, 0x000002283e466d50]
Event: 0.965 Thread 0x0000022834c85660 nmethod 1902 0x000002283e466e08 code [0x000002283e4670c0, 0x000002283e467b90]
Event: 0.965 Thread 0x00000228461e8ab0 nmethod 1906 0x000002283e467d08 code [0x000002283e467ee0, 0x000002283e468640]
Event: 0.966 Thread 0x0000022834c85660 1908       1       java.util.Comparator$$Lambda/0x00000228480c0cf0::compare (10 bytes)
Event: 0.966 Thread 0x00000228461e7d20 1909       1       java.util.Comparator::lambda$comparingLong$6043328a$1 (18 bytes)
Event: 0.966 Thread 0x00000228461e8ab0 1910       1       jdk.jfr.internal.periodic.PeriodicTask::getPeriod (5 bytes)
Event: 0.966 Thread 0x00000228461e8ab0 nmethod 1910 0x000002283e468708 code [0x000002283e468800, 0x000002283e4688c8]
Event: 0.966 Thread 0x0000022834c85660 nmethod 1908 0x000002283e468a08 code [0x000002283e468b40, 0x000002283e468d38]
Event: 0.966 Thread 0x00000228461e7d20 nmethod 1909 0x000002283e468d88 code [0x000002283e468ec0, 0x000002283e469080]

GC Heap History (0 events):
No events

Dll operation events (10 events):
Event: 0.041 Loaded shared library C:\Program Files\Java\jdk-24\bin\java.dll
Event: 0.211 Loaded shared library C:\Program Files\Java\jdk-24\bin\zip.dll
Event: 0.214 Loaded shared library C:\Program Files\Java\jdk-24\bin\instrument.dll
Event: 0.222 Loaded shared library C:\Program Files\Java\jdk-24\bin\net.dll
Event: 0.223 Loaded shared library C:\Program Files\Java\jdk-24\bin\nio.dll
Event: 0.230 Loaded shared library C:\Program Files\Java\jdk-24\bin\zip.dll
Event: 0.312 Loaded shared library C:\Program Files\Java\jdk-24\bin\jimage.dll
Event: 0.518 Loaded shared library C:\Program Files\Java\jdk-24\bin\management.dll
Event: 0.536 Loaded shared library C:\Program Files\Java\jdk-24\bin\management_ext.dll
Event: 0.552 Loaded shared library C:\Program Files\Java\jdk-24\bin\extnet.dll

Deoptimization events (0 events):
No events

Classes loaded (20 events):
Event: 0.956 Loading class jdk/jfr/internal/util/TimespanUnit
Event: 0.956 Loading class jdk/jfr/internal/util/TimespanUnit done
Event: 0.956 Loading class jdk/jfr/internal/util/ValueParser
Event: 0.956 Loading class jdk/jfr/internal/util/ValueParser done
Event: 0.959 Loading class sun/reflect/misc/MethodUtil
Event: 0.960 Loading class sun/reflect/misc/MethodUtil done
Event: 0.960 Loading class sun/reflect/misc/MethodUtil$1
Event: 0.960 Loading class sun/reflect/misc/MethodUtil$1 done
Event: 0.960 Loading class java/security/AllPermissionCollection
Event: 0.960 Loading class java/security/AllPermissionCollection done
Event: 0.961 Loading class java/security/UnresolvedPermission
Event: 0.961 Loading class jdk/jfr/internal/periodic/PeriodicType
Event: 0.961 Loading class java/security/UnresolvedPermission done
Event: 0.961 Loading class jdk/jfr/internal/periodic/PeriodicType done
Event: 0.961 Loading class java/lang/UnsupportedOperationException
Event: 0.961 Loading class java/lang/UnsupportedOperationException done
Event: 0.961 Loading class java/lang/IllegalAccessException
Event: 0.961 Loading class java/lang/IllegalAccessException done
Event: 0.966 Loading class jdk/jfr/internal/periodic/Batch
Event: 0.966 Loading class jdk/jfr/internal/periodic/Batch done

Classes unloaded (0 events):
No events

Classes redefined (0 events):
No events

Internal exceptions (20 events):
Event: 0.869 Thread 0x000002288d43fb30 Exception <a 'java/lang/NoSuchMethodError'{0x000000008fd481d8}: static [B.<clinit>()V> (0x000000008fd481d8) 
thrown [s\open\src\hotspot\share\prims\jni.cpp, line 1108]
Event: 0.871 Thread 0x000002288d43fb30 Exception <a 'java/lang/NoSuchMethodError'{0x000000008fd49b28}: 'java.lang.Object java.lang.invoke.DirectMethodHandle$Holder.invokeInterface(java.lang.Object, java.lang.Object, java.lang.Object)'> (0x000000008fd49b28) 
thrown [s\open\src\hotspot\share\interpreter\linkResolver.cpp, line 805]
Event: 0.895 Thread 0x0000022834ae85c0 Exception <a 'java/lang/NoSuchMethodError'{0x000000008fb1a250}: 'void java.lang.invoke.DirectMethodHandle$Holder.invokeSpecial(java.lang.Object, java.lang.Object, int)'> (0x000000008fb1a250) 
thrown [s\open\src\hotspot\share\interpreter\linkResolver.cpp, line 805]
Event: 0.895 Thread 0x0000022834ae85c0 Exception <a 'java/lang/NoSuchMethodError'{0x000000008fb21e70}: 'void java.lang.invoke.Invokers$Holder.invokeExact_MT(java.lang.Object, int, java.lang.Object)'> (0x000000008fb21e70) 
thrown [s\open\src\hotspot\share\interpreter\linkResolver.cpp, line 805]
Event: 0.897 Thread 0x000002288d48c5b0 Exception <a 'java/lang/NoSuchMethodError'{0x000000008fb8c7d8}: 'java.lang.Object java.lang.invoke.DirectMethodHandle$Holder.invokeSpecial(java.lang.Object, java.lang.Object, java.lang.Object, java.lang.Object, long)'> (0x000000008fb8c7d8) 
thrown [s\open\src\hotspot\share\interpreter\linkResolver.cpp, line 805]
Event: 0.898 Thread 0x0000022834ae85c0 Exception <a 'java/lang/NoSuchMethodError'{0x000000008fb3ce90}: 'void java.lang.invoke.DirectMethodHandle$Holder.invokeStatic(java.lang.Object, java.lang.Object, int)'> (0x000000008fb3ce90) 
thrown [s\open\src\hotspot\share\interpreter\linkResolver.cpp, line 805]
Event: 0.898 Thread 0x000002288d43fb30 Exception <a 'java/lang/ClassNotFoundException'{0x000000008fd69d60}: javax/management/remote/rmi/RMIConnectionImpl_Skel> (0x000000008fd69d60) 
thrown [s\open\src\hotspot\share\classfile\systemDictionary.cpp, line 327]
Event: 0.898 Thread 0x000002288d48c5b0 Exception <a 'java/lang/NoSuchMethodError'{0x000000008fb9c840}: 'java.lang.Object java.lang.invoke.Invokers$Holder.linkToTargetMethod(java.lang.Object, long, java.lang.Object)'> (0x000000008fb9c840) 
thrown [s\open\src\hotspot\share\interpreter\linkResolver.cpp, line 805]
Event: 0.899 Thread 0x0000022834ae85c0 Exception <a 'java/lang/NoSuchMethodError'{0x000000008fb4bcf8}: 'java.lang.Object java.lang.invoke.DirectMethodHandle$Holder.newInvokeSpecial(java.lang.Object, java.lang.Object, int)'> (0x000000008fb4bcf8) 
thrown [s\open\src\hotspot\share\interpreter\linkResolver.cpp, line 805]
Event: 0.905 Thread 0x0000022834ae85c0 Exception <a 'sun/nio/fs/WindowsException'{0x000000008fa80000}> (0x000000008fa80000) 
thrown [s\open\src\hotspot\share\prims\jni.cpp, line 518]
Event: 0.907 Thread 0x0000022834ae85c0 Exception <a 'sun/nio/fs/WindowsException'{0x000000008fa8cde8}> (0x000000008fa8cde8) 
thrown [s\open\src\hotspot\share\prims\jni.cpp, line 518]
Event: 0.911 Thread 0x0000022834ae85c0 Exception <a 'sun/nio/fs/WindowsException'{0x000000008fa9eba8}> (0x000000008fa9eba8) 
thrown [s\open\src\hotspot\share\prims\jni.cpp, line 518]
Event: 0.917 Thread 0x000002288d43fb30 Exception <a 'java/lang/NoSuchMethodError'{0x000000008fa078a8}: 'java.lang.Object java.lang.invoke.DirectMethodHandle$Holder.invokeInterface(java.lang.Object, java.lang.Object)'> (0x000000008fa078a8) 
thrown [s\open\src\hotspot\share\interpreter\linkResolver.cpp, line 805]
Event: 0.925 Thread 0x000002288d43fb30 Exception <a 'java/lang/NoSuchMethodError'{0x000000008fa47e68}: 'int java.lang.invoke.DelegatingMethodHandle$Holder.reinvoke_L(java.lang.Object, java.lang.Object, java.lang.Object, java.lang.Object, java.lang.Object)'> (0x000000008fa47e68) 
thrown [s\open\src\hotspot\share\interpreter\linkResolver.cpp, line 805]
Event: 0.930 Thread 0x000002288d43fb30 Exception <a 'java/lang/NoSuchMethodError'{0x000000008f70b130}: 'java.lang.Object java.lang.invoke.DirectMethodHandle$Holder.invokeStatic(java.lang.Object, java.lang.Object, java.lang.Object, java.lang.Object, java.lang.Object, java.lang.Object, java.lang.Object, java.lang.Object)'> (0x000000008f70b130) 
thrown [s\open\src\hotspot\share\interpreter\linkResolver.cpp, line 805]
Event: 0.933 Thread 0x000002288d43fb30 Exception <a 'java/lang/NoSuchMethodError'{0x000000008f72ea38}: 'java.lang.Object java.lang.invoke.DirectMethodHandle$Holder.invokeStatic(java.lang.Object, java.lang.Object, java.lang.Object, java.lang.Object, java.lang.Object, java.lang.Object, java.lang.Object, java.lang.Object, java.lang.Object)'> (0x000000008f72ea38) 
thrown [s\open\src\hotspot\share\interpreter\linkResolver.cpp, line 805]
Event: 0.934 Thread 0x000002288d43fb30 Exception <a 'java/lang/NoSuchMethodError'{0x000000008f741ee8}: 'java.lang.Object java.lang.invoke.Invokers$Holder.invokeExact_MT(java.lang.Object, java.lang.Object, java.lang.Object, java.lang.Object, java.lang.Object, java.lang.Object)'> (0x000000008f741ee8) 
thrown [s\open\src\hotspot\share\interpreter\linkResolver.cpp, line 805]
Event: 0.956 Thread 0x000002288d43fb30 Exception <a 'java/lang/NoSuchMethodError'{0x000000008f74dc28}: 'java.lang.Object java.lang.invoke.DirectMethodHandle$Holder.invokeInterface(java.lang.Object, java.lang.Object, java.lang.Object, java.lang.Object, java.lang.Object)'> (0x000000008f74dc28) 
thrown [s\open\src\hotspot\share\interpreter\linkResolver.cpp, line 805]
Event: 0.963 Thread 0x000002288d43fb30 Exception <a 'java/lang/NoSuchMethodError'{0x000000008f698920}: 'double java.lang.invoke.DirectMethodHandle$Holder.invokeInterface(java.lang.Object, java.lang.Object)'> (0x000000008f698920) 
thrown [s\open\src\hotspot\share\interpreter\linkResolver.cpp, line 805]
Event: 0.964 Thread 0x000002288d43fb30 Exception <a 'java/lang/NoSuchMethodError'{0x000000008f6a9590}: 'double java.lang.invoke.DelegatingMethodHandle$Holder.reinvoke_L(java.lang.Object, java.lang.Object)'> (0x000000008f6a9590) 
thrown [s\open\src\hotspot\share\interpreter\linkResolver.cpp, line 805]

VM Operations (16 events):
Event: 0.195 Executing VM operation: HandshakeAllThreads (Deoptimize)
Event: 0.195 Executing VM operation: HandshakeAllThreads (Deoptimize) done
Event: 0.321 Executing VM operation: HandshakeAllThreads (Deoptimize)
Event: 0.321 Executing VM operation: HandshakeAllThreads (Deoptimize) done
Event: 0.716 Executing VM operation: HandshakeAllThreads (Deoptimize)
Event: 0.716 Executing VM operation: HandshakeAllThreads (Deoptimize) done
Event: 0.779 Executing VM operation: HandshakeAllThreads (Deoptimize)
Event: 0.779 Executing VM operation: HandshakeAllThreads (Deoptimize) done
Event: 0.781 Executing VM operation: HandshakeAllThreads (Deoptimize)
Event: 0.781 Executing VM operation: HandshakeAllThreads (Deoptimize) done
Event: 0.878 Executing VM operation: HandshakeAllThreads (Deoptimize)
Event: 0.897 Executing VM operation: HandshakeAllThreads (Deoptimize) done
Event: 0.935 Executing VM operation: JFRSafepointClear
Event: 0.951 Executing VM operation: JFRSafepointClear done
Event: 0.965 Executing VM operation: HandshakeAllThreads (Deoptimize)
Event: 0.966 Executing VM operation: HandshakeAllThreads (Deoptimize) done

Memory protections (0 events):
No events

Nmethod flushes (0 events):
No events

Events (18 events):
Event: 0.059 Thread 0x0000022834ae85c0 Thread added: 0x0000022834ae85c0
Event: 0.069 Thread 0x0000022834ae85c0 Thread added: 0x0000022834c759b0
Event: 0.069 Thread 0x0000022834ae85c0 Thread added: 0x0000022834c764e0
Event: 0.069 Thread 0x0000022834ae85c0 Thread added: 0x0000022834c801f0
Event: 0.069 Thread 0x0000022834ae85c0 Thread added: 0x0000022834c80d20
Event: 0.069 Thread 0x0000022834ae85c0 Thread added: 0x0000022834c81850
Event: 0.069 Thread 0x0000022834ae85c0 Thread added: 0x0000022834c82b20
Event: 0.069 Thread 0x0000022834ae85c0 Thread added: 0x0000022834c85660
Event: 0.195 Thread 0x0000022834c85660 Thread added: 0x00000228461e7d20
Event: 0.195 Thread 0x0000022834c85660 Thread added: 0x00000228461e8ab0
Event: 0.220 Thread 0x0000022834ae85c0 Thread added: 0x000002284624bf50
Event: 0.519 Thread 0x0000022834ae85c0 Thread added: 0x00000228467afce0
Event: 0.696 Thread 0x0000022834ae85c0 Thread added: 0x000002288d30da10
Event: 0.792 Thread 0x0000022834c80d20 Thread added: 0x000002288d402750
Event: 0.822 Thread 0x000002288d402750 Thread added: 0x000002288d43fb30
Event: 0.868 Thread 0x000002288d43fb30 Thread added: 0x000002288d47a470
Event: 0.875 Thread 0x000002288d43fb30 Thread added: 0x000002288d48c5b0
Event: 0.900 Thread 0x0000022834ae85c0 Thread added: 0x000002288d4a3450


Dynamic libraries:
0x00007ff66b260000 - 0x00007ff66b270000 	C:\Program Files\Java\jdk-24\bin\java.exe
0x00007ffad0470000 - 0x00007ffad0668000 	C:\Windows\SYSTEM32\ntdll.dll
0x00007ffacfbc0000 - 0x00007ffacfc82000 	C:\Windows\System32\KERNEL32.DLL
0x00007ffacdfc0000 - 0x00007fface2b6000 	C:\Windows\System32\KERNELBASE.dll
0x00007ffacdd60000 - 0x00007ffacde60000 	C:\Windows\System32\ucrtbase.dll
0x00007ffabd310000 - 0x00007ffabd326000 	C:\Program Files\Java\jdk-24\bin\jli.dll
0x00007fface590000 - 0x00007fface72d000 	C:\Windows\System32\USER32.dll
0x00007fface2c0000 - 0x00007fface2e2000 	C:\Windows\System32\win32u.dll
0x00007ffabbec0000 - 0x00007ffabc15a000 	C:\Windows\WinSxS\amd64_microsoft.windows.common-controls_6595b64144ccf1df_6.0.19041.5915_none_60b4b9d171f9c7c7\COMCTL32.dll
0x00007ffad0240000 - 0x00007ffad026b000 	C:\Windows\System32\GDI32.dll
0x00007fface2f0000 - 0x00007fface409000 	C:\Windows\System32\gdi32full.dll
0x00007ffaceaf0000 - 0x00007ffaceb8e000 	C:\Windows\System32\msvcrt.dll
0x00007ffacdcc0000 - 0x00007ffacdd5d000 	C:\Windows\System32\msvcp_win.dll
0x00007ffabaeb0000 - 0x00007ffabaecb000 	C:\Program Files\Java\jdk-24\bin\VCRUNTIME140.dll
0x00007ffad0320000 - 0x00007ffad034f000 	C:\Windows\System32\IMM32.DLL
0x00007ffacb920000 - 0x00007ffacb92c000 	C:\Program Files\Java\jdk-24\bin\vcruntime140_1.dll
0x00007ffab4430000 - 0x00007ffab44be000 	C:\Program Files\Java\jdk-24\bin\msvcp140.dll
0x00007ffa73220000 - 0x00007ffa73fc2000 	C:\Program Files\Java\jdk-24\bin\server\jvm.dll
0x00007fface730000 - 0x00007fface7e1000 	C:\Windows\System32\ADVAPI32.dll
0x00007ffaced80000 - 0x00007ffacee1f000 	C:\Windows\System32\sechost.dll
0x00007ffacfc90000 - 0x00007ffacfdb3000 	C:\Windows\System32\RPCRT4.dll
0x00007ffacdc40000 - 0x00007ffacdc67000 	C:\Windows\System32\bcrypt.dll
0x00007ffacef70000 - 0x00007ffacefdb000 	C:\Windows\System32\WS2_32.dll
0x00007ffacd960000 - 0x00007ffacd9ab000 	C:\Windows\SYSTEM32\POWRPROF.dll
0x00007ffac3d60000 - 0x00007ffac3d87000 	C:\Windows\SYSTEM32\WINMM.dll
0x00007ffac3b30000 - 0x00007ffac3b3a000 	C:\Windows\SYSTEM32\VERSION.dll
0x00007ffacd940000 - 0x00007ffacd952000 	C:\Windows\SYSTEM32\UMPDC.dll
0x00007ffacc2e0000 - 0x00007ffacc2f2000 	C:\Windows\SYSTEM32\kernel.appcore.dll
0x00007ffacb900000 - 0x00007ffacb90a000 	C:\Program Files\Java\jdk-24\bin\jimage.dll
0x00007ffacb540000 - 0x00007ffacb741000 	C:\Windows\SYSTEM32\DBGHELP.DLL
0x00007ffaafa90000 - 0x00007ffaafac4000 	C:\Windows\SYSTEM32\dbgcore.DLL
0x00007ffacdb00000 - 0x00007ffacdb82000 	C:\Windows\System32\bcryptPrimitives.dll
0x00007ffabae60000 - 0x00007ffabae6f000 	C:\Program Files\Java\jdk-24\bin\instrument.dll
0x00007ffabae90000 - 0x00007ffabaeae000 	C:\Program Files\Java\jdk-24\bin\java.dll
0x00007ffaceb90000 - 0x00007ffacecbb000 	C:\Windows\System32\ole32.dll
0x00007ffacfee0000 - 0x00007ffad0233000 	C:\Windows\System32\combase.dll
0x00007ffacf450000 - 0x00007ffacfbbe000 	C:\Windows\System32\SHELL32.dll
0x00007ffa82720000 - 0x00007ffa82918000 	C:\Users\matij\AppData\Local\Temp\idea_libasyncProfiler_dll_temp_folder\libasyncProfiler.dll
0x00007ffacbb20000 - 0x00007ffacc2c4000 	C:\Windows\SYSTEM32\windows.storage.dll
0x00007ffacd380000 - 0x00007ffacd3ab000 	C:\Windows\SYSTEM32\Wldp.dll
0x00007fface4a0000 - 0x00007fface56d000 	C:\Windows\System32\OLEAUT32.dll
0x00007ffad0270000 - 0x00007ffad031d000 	C:\Windows\System32\SHCORE.dll
0x00007ffacee20000 - 0x00007ffacee7b000 	C:\Windows\System32\shlwapi.dll
0x00007ffacda30000 - 0x00007ffacda54000 	C:\Windows\SYSTEM32\profapi.dll
0x00007ffabad70000 - 0x00007ffabad87000 	C:\Program Files\Java\jdk-24\bin\zip.dll
0x00007ffac0ba0000 - 0x00007ffac0bb0000 	C:\Program Files\Java\jdk-24\bin\net.dll
0x00007ffacd160000 - 0x00007ffacd1ca000 	C:\Windows\system32\mswsock.dll
0x00007ffabae70000 - 0x00007ffabae86000 	C:\Program Files\Java\jdk-24\bin\nio.dll
0x00007ffaccea0000 - 0x00007ffaccf6a000 	C:\Windows\SYSTEM32\DNSAPI.dll
0x00007ffacce60000 - 0x00007ffacce9b000 	C:\Windows\SYSTEM32\IPHLPAPI.DLL
0x00007fface490000 - 0x00007fface498000 	C:\Windows\System32\NSI.dll
0x0000000063560000 - 0x0000000063569000 	C:\Program Files\National Instruments\Shared\mDNS Responder\nimdnsNSP.dll
0x0000000063550000 - 0x000000006355e000 	C:\Windows\SYSTEM32\nimdnsResponder.dll
0x0000000074de0000 - 0x0000000074e83000 	C:\Windows\WinSxS\amd64_microsoft.vc90.crt_1fc8b3b9a1e18e3b_9.0.30729.9625_none_08e1c10da83fbc83\MSVCR90.dll
0x00007ffac6900000 - 0x00007ffac690a000 	C:\Windows\System32\rasadhlp.dll
0x00007ffac5640000 - 0x00007ffac56c0000 	C:\Windows\System32\fwpuclnt.dll
0x00007ffabaac0000 - 0x00007ffabaaca000 	C:\Program Files\Java\jdk-24\bin\management.dll
0x00007ffaba6e0000 - 0x00007ffaba6eb000 	C:\Program Files\Java\jdk-24\bin\management_ext.dll
0x00007ffacecc0000 - 0x00007ffacecc8000 	C:\Windows\System32\PSAPI.DLL
0x00007ffaba6c0000 - 0x00007ffaba6c9000 	C:\Program Files\Java\jdk-24\bin\extnet.dll
0x00007ffacd3c0000 - 0x00007ffacd3d8000 	C:\Windows\SYSTEM32\CRYPTSP.dll
0x00007ffaccaa0000 - 0x00007ffaccad8000 	C:\Windows\system32\rsaenh.dll
0x00007ffacd9b0000 - 0x00007ffacd9de000 	C:\Windows\SYSTEM32\USERENV.dll
0x00007ffacd2f0000 - 0x00007ffacd2fc000 	C:\Windows\SYSTEM32\CRYPTBASE.dll
0x00007ffaca520000 - 0x00007ffaca537000 	C:\Windows\system32\napinsp.dll
0x00007ffaca500000 - 0x00007ffaca51b000 	C:\Windows\system32\pnrpnsp.dll
0x00007ffac9b60000 - 0x00007ffac9b7d000 	C:\Windows\system32\wshbth.dll
0x00007ffacaa30000 - 0x00007ffacaa4d000 	C:\Windows\system32\NLAapi.dll
0x00007ffaca4e0000 - 0x00007ffaca4f2000 	C:\Windows\System32\winrnr.dll
0x00007ffab9140000 - 0x00007ffab9191000 	C:\Windows\SYSTEM32\pdh.dll

JVMTI agents:
C:\Program Files\JetBrains\IntelliJ IDEA 2025.1\lib\idea_rt.jar path:C:\Program Files\Java\jdk-24\bin\instrument.dll, loaded, initialized, instrumentlib options:62356
C:\Users\matij\AppData\Local\Temp\idea_libasyncProfiler_dll_temp_folder\libasyncProfiler.dll path:C:\Users\matij\AppData\Local\Temp\idea_libasyncProfiler_dll_temp_folder\libasyncProfiler.dll, loaded, initialized, options:start,jfr,event=wall,interval=10ms,jfrsync=profile,cstack=no,file=C:\Users\matij\IdeaSnapshots\WebSiteApplication_2025_07_16_204315.jfr,dbghelppath=C:\Users\matij\AppData\Local\Temp\idea_dbghelp_dll_temp_folder\dbghelp.dll,log=C:\Users\matij\AppData\Local\Temp\WebSiteApplication_2025_07_16_204315.jfr.log.txt,logLevel=DEBUG

dbghelp: loaded successfully - version: 4.0.5 - missing functions: none
symbol engine: initialized successfully - sym options: 0x614 - pdb path: .;C:\Program Files\Java\jdk-24\bin;C:\Windows\SYSTEM32;C:\Windows\WinSxS\amd64_microsoft.windows.common-controls_6595b64144ccf1df_6.0.19041.5915_none_60b4b9d171f9c7c7;C:\Program Files\Java\jdk-24\bin\server;C:\Users\matij\AppData\Local\Temp\idea_libasyncProfiler_dll_temp_folder;C:\Program Files\National Instruments\Shared\mDNS Responder;C:\Windows\WinSxS\amd64_microsoft.vc90.crt_1fc8b3b9a1e18e3b_9.0.30729.9625_none_08e1c10da83fbc83

VM Arguments:
jvm_args: -XX:TieredStopAtLevel=1 -Dspring.output.ansi.enabled=always -Dcom.sun.management.jmxremote -Dspring.jmx.enabled=true -Dspring.liveBeansView.mbeanDomain -Dspring.application.admin.enabled=true -Dmanagement.endpoints.jmx.exposure.include=* -javaagent:C:\Program Files\JetBrains\IntelliJ IDEA 2025.1\lib\idea_rt.jar=62356 -agentpath:C:\Users\matij\AppData\Local\Temp\idea_libasyncProfiler_dll_temp_folder\libasyncProfiler.dll=start,jfr,event=wall,interval=10ms,jfrsync=profile,cstack=no,file=C:\Users\matij\IdeaSnapshots\WebSiteApplication_2025_07_16_204315.jfr,dbghelppath=C:\Users\matij\AppData\Local\Temp\idea_dbghelp_dll_temp_folder\dbghelp.dll,log=C:\Users\matij\AppData\Local\Temp\WebSiteApplication_2025_07_16_204315.jfr.log.txt,logLevel=DEBUG -Dfile.encoding=UTF-8 -Dsun.stdout.encoding=UTF-8 -Dsun.stderr.encoding=UTF-8 
java_command: oop.website.WebSiteApplication
java_class_path (initial): C:\Users\matij\OneDrive\Documents\programs\HomeCinema\WebSite\target\test-classes;C:\Users\matij\OneDrive\Documents\programs\HomeCinema\WebSite\target\classes;C:\Users\matij\.m2\repository\org\springframework\boot\spring-boot-starter-json\3.5.3\spring-boot-starter-json-3.5.3.jar;C:\Users\matij\.m2\repository\org\springframework\boot\spring-boot-starter\3.5.3\spring-boot-starter-3.5.3.jar;C:\Users\matij\.m2\repository\org\springframework\boot\spring-boot\3.5.3\spring-boot-3.5.3.jar;C:\Users\matij\.m2\repository\org\springframework\boot\spring-boot-autoconfigure\3.5.3\spring-boot-autoconfigure-3.5.3.jar;C:\Users\matij\.m2\repository\org\springframework\boot\spring-boot-starter-logging\3.5.3\spring-boot-starter-logging-3.5.3.jar;C:\Users\matij\.m2\repository\ch\qos\logback\logback-classic\1.5.18\logback-classic-1.5.18.jar;C:\Users\matij\.m2\repository\ch\qos\logback\logback-core\1.5.18\logback-core-1.5.18.jar;C:\Users\matij\.m2\repository\org\apache\logging\log4j\log4j-to-slf4j\2.24.3\log4j-to-slf4j-2.24.3.jar;C:\Users\matij\.m2\repository\org\apache\logging\log4j\log4j-api\2.24.3\log4j-api-2.24.3.jar;C:\Users\matij\.m2\repository\org\slf4j\jul-to-slf4j\2.0.17\jul-to-slf4j-2.0.17.jar;C:\Users\matij\.m2\repository\jakarta\annotation\jakarta.annotation-api\2.1.1\jakarta.annotation-api-2.1.1.jar;C:\Users\matij\.m2\repository\org\yaml\snakeyaml\2.4\snakeyaml-2.4.jar;C:\Users\matij\.m2\repository\org\springframework\spring-web\6.2.8\spring-web-6.2.8.jar;C:\Users\matij\.m2\repository\com\fasterxml\jackson\core\jackson-databind\2.19.1\jackson-databind-2.19.1.jar;C:\Users\matij\.m2\repository\com\fasterxml\jackson\core\jackson-annotations\2.19.1\jackson-annotations-2.19.1.jar;C:\Users\matij\.m2\repository\com\fasterxml\jackson\core\jackson-core\2.19.1\jackson-core-2.19.1.jar;C:\Users\matij\.m2\repository\com\fasterxml\jackson\datatype\jackson-datatype-jdk8\2.19.1\jackson-datatype-jdk8-2.19.1.jar;C:\Users\matij\.m2\repository\com\fasterxml\jackson\datatype\jackson-datatype-jsr310\2.19.1\jackson-datatype-jsr310-2.19.1.jar;C:\Users\matij\.m2\repository\com\fasterxml\jackson\module\jackson-module-parameter-names\2.19.1\jackson-module-parameter-names-2.19.1.jar;C:\Users\matij\.m2\repository\org\springframework\boot\spring-boot-starter-web\3.5.3\spring-boot-starter-web-3.5.3.jar;C:\Users\matij\.m2\repository\org\springframework\boot\spring-boot-starter-tomcat\3.5.3\spring-boot-starter-tomcat-3.5.3.jar;C:\Users\matij\.m2\repository\org\apache\tomcat\embed\tomcat-embed-core\10.1.42\tomcat-embed-core-10.1.42.jar;C:\Users\matij\.m2\repository\org\apache\tomcat\embed\tomcat-embed-el\10.1.42\tomcat-embed-el-10.1.42.jar;C:\Users\matij\.m2\repository\org\apache\tomcat\embed\tomcat-embed-websocket\10.1.42\tomcat-embed-websocket-10.1.42.jar;C:\Users\matij\.m2\repository\org\springframework\spring-webmvc\6.2.8\spring-webmvc-6.2.8.jar;C:\Users\matij\.m2\repository\org\springframework\spring-jdbc\6.2.8\spring-jdbc-6.2.8.jar;C:\Users\matij\.m2\repository\org\springframework\spring-beans\6.2.8\spring-beans-6.2.8.jar;C:\Users\matij\.m2\repository\org\springframework\spring-core\6.2.8\spring-core-6.2.8.jar;C:\Users\matij\.m2\repository\org\springframework\spring-jcl\6.2.8\spring-jcl-6.2.8.jar;C:\Users\matij\.m2\repository\org\springframework\spring-tx\6.2.8\spring-tx-6.2.8.jar;C:\Users\matij\.m2\repository\org\springframework\boot\spring-boot-starter-jdbc\3.5.3\spring-boot-starter-jdbc-3.5.3.jar;C:\Users\matij\.m2\repository\com\zaxxer\HikariCP\6.3.0\HikariCP-6.3.0.jar;C:\Users\matij\.m2\repository\org\slf4j\slf4j-api\2.0.17\slf4j-api-2.0.17.jar;C:\Users\matij\.m2\repository\com\mysql\mysql-connector-j\9.2.0\mysql-connector-j-9.2.0.jar;C:\Users\matij\.m2\repository\org\springframework\boot\spring-boot-starter-test\3.5.3\spring-boot-starter-test-3.5.3.jar;C:\Users\matij\.m2\repository\org\springframework\boot\spring-boot-test\3.5.3\spring-boot-test-3.5.3.jar;C:\Users\matij\.m2\repository\org\springframework\boot\spring-boot-test-autoconfigure\3.5.3\spring-boot-test-autoconfigure-3.5.3.jar;C:\Users\matij\.m2\repository\com\jayway\jsonpath\json-path\2.9.0\json-path-2.9.0.jar;C:\Users\matij\.m2\repository\jakarta\xml\bind\jakarta.xml.bind-api\4.0.2\jakarta.xml.bind-api-4.0.2.jar;C:\Users\matij\.m2\repository\jakarta\activation\jakarta.activation-api\2.1.3\jakarta.activation-api-2.1.3.jar;C:\Users\matij\.m2\repository\net\minidev\json-smart\2.5.2\json-smart-2.5.2.jar;C:\Users\matij\.m2\repository\net\minidev\accessors-smart\2.5.2\accessors-smart-2.5.2.jar;C:\Users\matij\.m2\repository\org\ow2\asm\asm\9.7.1\asm-9.7.1.jar;C:\Users\matij\.m2\repository\org\assertj\assertj-core\3.27.3\assertj-core-3.27.3.jar;C:\Users\matij\.m2\repository\net\bytebuddy\byte-buddy\1.17.6\byte-buddy-1.17.6.jar;C:\Users\matij\.m2\repository\org\awaitility\awaitility\4.2.2\awaitility-4.2.2.jar;C:\Users\matij\.m2\repository\org\hamcrest\hamcrest\3.0\hamcrest-3.0.jar;C:\Users\matij\.m2\repository\org\junit\jupiter\junit-jupiter\5.12.2\junit-jupiter-5.12.2.jar;C:\Users\matij\.m2\repository\org\junit\jupiter\junit-jupiter-api\5.12.2\junit-jupiter-api-5.12.2.jar;C:\Users\matij\.m2\repository\org\opentest4j\opentest4j\1.3.0\opentest4j-1.3.0.jar;C:\Users\matij\.m2\repository\org\junit\platform\junit-platform-commons\1.12.2\junit-platform-commons-1.12.2.jar;C:\Users\matij\.m2\repository\org\apiguardian\apiguardian-api\1.1.2\apiguardian-api-1.1.2.jar;C:\Users\matij\.m2\repository\org\junit\jupiter\junit-jupiter-params\5.12.2\junit-jupiter-params-5.12.2.jar;C:\Users\matij\.m2\repository\org\junit\jupiter\junit-jupiter-engine\5.12.2\junit-jupiter-engine-5.12.2.jar;C:\Users\matij\.m2\repository\org\junit\platform\junit-platform-engine\1.12.2\junit-platform-engine-1.12.2.jar;C:\Users\matij\.m2\repository\org\mockito\mockito-core\5.17.0\mockito-core-5.17.0.jar;C:\Users\matij\.m2\repository\net\bytebuddy\byte-buddy-agent\1.17.6\byte-buddy-agent-1.17.6.jar;C:\Users\matij\.m2\repository\org\objenesis\objenesis\3.3\objenesis-3.3.jar;C:\Users\matij\.m2\repository\org\mockito\mockito-junit-jupiter\5.17.0\mockito-junit-jupiter-5.17.0.jar;C:\Users\matij\.m2\repository\org\skyscreamer\jsonassert\1.5.3\jsonassert-1.5.3.jar;C:\Users\matij\.m2\repository\com\vaadin\external\google\android-json\0.0.20131108.vaadin1\android-json-0.0.20131108.vaadin1.jar;C:\Users\matij\.m2\repository\org\springframework\spring-test\6.2.8\spring-test-6.2.8.jar;C:\Users\matij\.m2\repository\org\xmlunit\xmlunit-core\2.10.2\xmlunit-core-2.10.2.jar;C:\Users\matij\.m2\repository\org\springframework\security\spring-security-core\6.5.1\spring-security-core-6.5.1.jar;C:\Users\matij\.m2\repository\org\springframework\security\spring-security-crypto\6.5.1\spring-security-crypto-6.5.1.jar;C:\Users\matij\.m2\repository\org\springframework\spring-aop\6.2.8\spring-aop-6.2.8.jar;C:\Users\matij\.m2\repository\org\springframework\spring-context\6.2.8\spring-context-6.2.8.jar;C:\Users\matij\.m2\repository\org\springframework\spring-expression\6.2.8\spring-expression-6.2.8.jar;C:\Users\matij\.m2\repository\io\micrometer\micrometer-observation\1.15.1\micrometer-observation-1.15.1.jar;C:\Users\matij\.m2\repository\io\micrometer\micrometer-commons\1.15.1\micrometer-commons-1.15.1.jar;C:\Users\matij\.m2\repository\org\springframework\boot\spring-boot-starter-security\3.5.3\spring-boot-starter-security-3.5.3.jar;C:\Users\matij\.m2\repository\org\springframework\security\spring-security-config\6.5.1\spring-security-config-6.5.1.jar;C:\Users\matij\.m2\repository\org\springframework\security\spring-security-web\6.5.1\spring-security-web-6.5.1.jar;C:\Users\matij\.m2\repository\io\jsonwebtoken\jjwt-api\0.11.5\jjwt-api-0.11.5.jar;C:\Users\matij\.m2\repository\io\jsonwebtoken\jjwt-impl\0.11.5\jjwt-impl-0.11.5.jar;C:\Users\matij\.m2\repository\io\jsonwebtoken\jjwt-jackson\0.11.5\jjwt-jackson-0.11.5.jar
Launcher Type: SUN_STANDARD

[Global flags]
     intx CICompilerCount                          = 3                                         {product} {ergonomic}
     uint ConcGCThreads                            = 2                                         {product} {ergonomic}
     bool FlightRecorder                           = true                                      {product} {management}
     uint G1ConcRefinementThreads                  = 6                                         {product} {ergonomic}
   size_t G1HeapRegionSize                         = 1048576                                   {product} {ergonomic}
   size_t InitialHeapSize                          = 123731968                                 {product} {ergonomic}
     bool ManagementServer                         = true                                      {product} {command line}
   size_t MarkStackSize                            = 4194304                                   {product} {ergonomic}
   size_t MarkStackSizeMax                         = 536870912                                 {product} {ergonomic}
   size_t MaxHeapSize                              = 1979711488                                {product} {ergonomic}
   size_t MaxNewSize                               = 1186988032                                {product} {ergonomic}
   size_t MinHeapDeltaBytes                        = 1048576                                   {product} {ergonomic}
   size_t MinHeapSize                              = 8388608                                   {product} {ergonomic}
    uintx NonNMethodCodeHeapSize                   = 4096                                   {pd product} {ergonomic}
    uintx NonProfiledCodeHeapSize                  = 0                                      {pd product} {ergonomic}
     bool ProfileInterpreter                       = false                                  {pd product} {command line}
    uintx ProfiledCodeHeapSize                     = 0                                      {pd product} {ergonomic}
   size_t SoftMaxHeapSize                          = 1979711488                             {manageable} {ergonomic}
     intx TieredStopAtLevel                        = 1                                         {product} {command line}
     bool UseCompressedOops                        = true                           {product lp64_product} {ergonomic}
     bool UseG1GC                                  = true                                      {product} {ergonomic}
     bool UseLargePagesIndividualAllocation        = false                                  {pd product} {ergonomic}

Logging:
Log output configuration:
 #0: stdout all=warning uptime,level,tags foldmultilines=false
 #1: stderr all=off uptime,level,tags foldmultilines=false

Environment Variables:
PATH=C:\Program Files\Common Files\Oracle\Java\javapath;C:\Program Files (x86)\Common Files\Oracle\Java\java8path;C:\Program Files (x86)\Common Files\Oracle\Java\javapath;C:\Windows\system32;C:\Windows;C:\Windows\System32\Wbem;C:\Windows\System32\WindowsPowerShell\v1.0\;C:\Windows\System32\OpenSSH\;C:\Program Files\Git\cmd;C:\Program Files\Git\mingw64\bin;C:\Program Files\Git\usr\bin;C:\Program Files (x86)\Microsoft SQL Server\160\DTS\Binn\;C:\Program Files (x86)\Microsoft SQL Server\160\Tools\Binn\;C:\Program Files\Microsoft SQL Server\160\Tools\Binn\;C:\Program Files\Microsoft SQL Server\Client SDK\ODBC\170\Tools\Binn\;C:\Program Files\Microsoft SQL Server\160\DTS\Binn\;C:\Program Files\dotnet\;C:\Program Files (x86)\Windows Kits\10\Windows Performance Toolkit\;C:\Program Files\Microsoft SQL Server\150\Tools\Binn\;C:\Program Files\Docker\Docker\resources\bin;C:\Program Files\Apache\apache-maven-3.9.10\bin;C:\Program Files (x86)\Java\jre1.8.0_451\bin;C:\Users\matij\AppData\Local\Microsoft\WindowsApps;C:\Program Files\JetBrains\IntelliJ IDEA 2025.1\bin;;C:\Users\matij\AppData\Local\Programs\Microsoft VS Code\bin;C:\Users\matij\.dotnet\tools;C:\Users\matij\AppData\Local\Programs\cursor\resources\app\bin;C:\Program Files\Apache\apache-maven-3.9.10\bin;
USERNAME=matij
OS=Windows_NT
PROCESSOR_IDENTIFIER=AMD64 Family 23 Model 96 Stepping 1, AuthenticAMD
TMP=C:\Users\matij\AppData\Local\Temp
TEMP=C:\Users\matij\AppData\Local\Temp




Periodic native trim disabled

---------------  S Y S T E M  ---------------

OS:
 Windows 10 , 64 bit Build 19041 (10.0.19041.5915)
OS uptime: 0 days 16:32 hours
Hyper-V role detected

CPU: total 6 (initial active 6) (6 cores per cpu, 1 threads per core) family 23 model 96 stepping 1 microcode 0x0, cx8, cmov, fxsr, mmx, 3dnowpref, sse, sse2, sse3, ssse3, sse4a, sse4.1, sse4.2, popcnt, lzcnt, tsc, tscinvbit, avx, avx2, aes, clmul, bmi1, bmi2, adx, sha, fma, vzeroupper, clflush, clflushopt, hv, rdtscp, rdpid, f16c
Processor Information for the first 6 processors :
  Max Mhz: 2375, Current Mhz: 2375, Mhz Limit: 2375

Memory: 4k page, system-wide physical 7549M (345M free)
TotalPageFile size 22764M (AvailPageFile size 4343M)
current process WorkingSet (physical memory assigned to process): 91M, peak: 91M
current process commit charge ("private bytes"): 243M, peak: 243M

vm_info: Java HotSpot(TM) 64-Bit Server VM (24.0.1+9-30) for windows-amd64 JRE (24.0.1+9-30), built on 2025-03-05T07:23:45Z with MS VC++ 17.6 (VS2022)

END.
